{"/home/ktolliver/Algorithms/containsDuplicate.js": {"path":"/home/ktolliver/Algorithms/containsDuplicate.js","statementMap":{"0":{"start":{"line":5,"column":24},"end":{"line":8,"column":1}},"1":{"start":{"line":6,"column":4},"end":{"line":6,"column":39}},"2":{"start":{"line":6,"column":26},"end":{"line":6,"column":39}},"3":{"start":{"line":7,"column":4},"end":{"line":7,"column":32}},"4":{"start":{"line":10,"column":21},"end":{"line":20,"column":1}},"5":{"start":{"line":11,"column":12},"end":{"line":11,"column":13}},"6":{"start":{"line":12,"column":4},"end":{"line":17,"column":5}},"7":{"start":{"line":12,"column":17},"end":{"line":12,"column":18}},"8":{"start":{"line":13,"column":8},"end":{"line":16,"column":9}},"9":{"start":{"line":14,"column":12},"end":{"line":14,"column":16}},"10":{"start":{"line":15,"column":12},"end":{"line":15,"column":30}},"11":{"start":{"line":18,"column":4},"end":{"line":18,"column":27}},"12":{"start":{"line":18,"column":15},"end":{"line":18,"column":27}},"13":{"start":{"line":19,"column":4},"end":{"line":19,"column":17}},"14":{"start":{"line":22,"column":0},"end":{"line":22,"column":35}}},"fnMap":{"0":{"name":"(anonymous_0)","decl":{"start":{"line":5,"column":24},"end":{"line":5,"column":25}},"loc":{"start":{"line":5,"column":39},"end":{"line":8,"column":1}},"line":5},"1":{"name":"(anonymous_1)","decl":{"start":{"line":10,"column":21},"end":{"line":10,"column":22}},"loc":{"start":{"line":10,"column":36},"end":{"line":20,"column":1}},"line":10}},"branchMap":{"0":{"loc":{"start":{"line":6,"column":4},"end":{"line":6,"column":39}},"type":"if","locations":[{"start":{"line":6,"column":4},"end":{"line":6,"column":39}},{"start":{},"end":{}}],"line":6},"1":{"loc":{"start":{"line":13,"column":8},"end":{"line":16,"column":9}},"type":"if","locations":[{"start":{"line":13,"column":8},"end":{"line":16,"column":9}},{"start":{},"end":{}}],"line":13},"2":{"loc":{"start":{"line":18,"column":4},"end":{"line":18,"column":27}},"type":"if","locations":[{"start":{"line":18,"column":4},"end":{"line":18,"column":27}},{"start":{},"end":{}}],"line":18}},"s":{"0":1,"1":5,"2":2,"3":3,"4":1,"5":3,"6":3,"7":3,"8":15,"9":3,"10":3,"11":3,"12":2,"13":1,"14":1},"f":{"0":5,"1":3},"b":{"0":[2,3],"1":[3,12],"2":[2,1]},"_coverageSchema":"1a1c01bbd47fc00a2c39e90264f33305004495a9","hash":"6f5684fecdc62c4056619d6b9b88b8e4e3ee22d8"}
,"/home/ktolliver/Algorithms/fizzBuzz.js": {"path":"/home/ktolliver/Algorithms/fizzBuzz.js","statementMap":{"0":{"start":{"line":5,"column":15},"end":{"line":22,"column":1}},"1":{"start":{"line":6,"column":16},"end":{"line":6,"column":18}},"2":{"start":{"line":7,"column":4},"end":{"line":20,"column":5}},"3":{"start":{"line":7,"column":17},"end":{"line":7,"column":18}},"4":{"start":{"line":8,"column":28},"end":{"line":8,"column":41}},"5":{"start":{"line":9,"column":28},"end":{"line":9,"column":41}},"6":{"start":{"line":11,"column":8},"end":{"line":19,"column":9}},"7":{"start":{"line":12,"column":12},"end":{"line":12,"column":35}},"8":{"start":{"line":13,"column":15},"end":{"line":19,"column":9}},"9":{"start":{"line":14,"column":12},"end":{"line":14,"column":31}},"10":{"start":{"line":15,"column":15},"end":{"line":19,"column":9}},"11":{"start":{"line":16,"column":12},"end":{"line":16,"column":31}},"12":{"start":{"line":18,"column":12},"end":{"line":18,"column":31}},"13":{"start":{"line":21,"column":4},"end":{"line":21,"column":17}},"14":{"start":{"line":24,"column":0},"end":{"line":24,"column":26}}},"fnMap":{"0":{"name":"(anonymous_0)","decl":{"start":{"line":5,"column":15},"end":{"line":5,"column":16}},"loc":{"start":{"line":5,"column":27},"end":{"line":22,"column":1}},"line":5}},"branchMap":{"0":{"loc":{"start":{"line":11,"column":8},"end":{"line":19,"column":9}},"type":"if","locations":[{"start":{"line":11,"column":8},"end":{"line":19,"column":9}},{"start":{"line":13,"column":15},"end":{"line":19,"column":9}}],"line":11},"1":{"loc":{"start":{"line":11,"column":12},"end":{"line":11,"column":40}},"type":"binary-expr","locations":[{"start":{"line":11,"column":12},"end":{"line":11,"column":24}},{"start":{"line":11,"column":28},"end":{"line":11,"column":40}}],"line":11},"2":{"loc":{"start":{"line":13,"column":15},"end":{"line":19,"column":9}},"type":"if","locations":[{"start":{"line":13,"column":15},"end":{"line":19,"column":9}},{"start":{"line":15,"column":15},"end":{"line":19,"column":9}}],"line":13},"3":{"loc":{"start":{"line":15,"column":15},"end":{"line":19,"column":9}},"type":"if","locations":[{"start":{"line":15,"column":15},"end":{"line":19,"column":9}},{"start":{"line":17,"column":15},"end":{"line":19,"column":9}}],"line":15}},"s":{"0":1,"1":3,"2":3,"3":3,"4":23,"5":23,"6":23,"7":1,"8":22,"9":6,"10":16,"11":3,"12":13,"13":3,"14":1},"f":{"0":3},"b":{"0":[1,22],"1":[23,7],"2":[6,16],"3":[3,13]},"_coverageSchema":"1a1c01bbd47fc00a2c39e90264f33305004495a9","hash":"89122678431ea94794b84d0643713b6bb883c226"}
,"/home/ktolliver/Algorithms/palindrome.js": {"path":"/home/ktolliver/Algorithms/palindrome.js","statementMap":{"0":{"start":{"line":5,"column":17},"end":{"line":8,"column":1}},"1":{"start":{"line":6,"column":4},"end":{"line":6,"column":28}},"2":{"start":{"line":6,"column":15},"end":{"line":6,"column":28}},"3":{"start":{"line":7,"column":4},"end":{"line":7,"column":70}},"4":{"start":{"line":10,"column":0},"end":{"line":10,"column":28}}},"fnMap":{"0":{"name":"(anonymous_0)","decl":{"start":{"line":5,"column":17},"end":{"line":5,"column":18}},"loc":{"start":{"line":5,"column":29},"end":{"line":8,"column":1}},"line":5}},"branchMap":{"0":{"loc":{"start":{"line":6,"column":4},"end":{"line":6,"column":28}},"type":"if","locations":[{"start":{"line":6,"column":4},"end":{"line":6,"column":28}},{"start":{},"end":{}}],"line":6}},"s":{"0":1,"1":4,"2":1,"3":3,"4":1},"f":{"0":4},"b":{"0":[1,3]},"_coverageSchema":"1a1c01bbd47fc00a2c39e90264f33305004495a9","hash":"9059965b76755df9be27a05d822183e0f9cb0949"}
,"/home/ktolliver/Algorithms/removeDuplicates.js": {"path":"/home/ktolliver/Algorithms/removeDuplicates.js","statementMap":{"0":{"start":{"line":5,"column":23},"end":{"line":9,"column":1}},"1":{"start":{"line":6,"column":4},"end":{"line":6,"column":35}},"2":{"start":{"line":6,"column":26},"end":{"line":6,"column":35}},"3":{"start":{"line":7,"column":4},"end":{"line":7,"column":41}},"4":{"start":{"line":7,"column":26},"end":{"line":7,"column":41}},"5":{"start":{"line":8,"column":4},"end":{"line":8,"column":32}},"6":{"start":{"line":11,"column":21},"end":{"line":20,"column":1}},"7":{"start":{"line":12,"column":12},"end":{"line":12,"column":13}},"8":{"start":{"line":13,"column":4},"end":{"line":18,"column":5}},"9":{"start":{"line":13,"column":17},"end":{"line":13,"column":18}},"10":{"start":{"line":14,"column":8},"end":{"line":17,"column":9}},"11":{"start":{"line":15,"column":12},"end":{"line":15,"column":16}},"12":{"start":{"line":16,"column":12},"end":{"line":16,"column":30}},"13":{"start":{"line":19,"column":4},"end":{"line":19,"column":17}},"14":{"start":{"line":22,"column":0},"end":{"line":22,"column":34}}},"fnMap":{"0":{"name":"(anonymous_0)","decl":{"start":{"line":5,"column":23},"end":{"line":5,"column":24}},"loc":{"start":{"line":5,"column":38},"end":{"line":9,"column":1}},"line":5},"1":{"name":"(anonymous_1)","decl":{"start":{"line":11,"column":21},"end":{"line":11,"column":22}},"loc":{"start":{"line":11,"column":36},"end":{"line":20,"column":1}},"line":11}},"branchMap":{"0":{"loc":{"start":{"line":6,"column":4},"end":{"line":6,"column":35}},"type":"if","locations":[{"start":{"line":6,"column":4},"end":{"line":6,"column":35}},{"start":{},"end":{}}],"line":6},"1":{"loc":{"start":{"line":7,"column":4},"end":{"line":7,"column":41}},"type":"if","locations":[{"start":{"line":7,"column":4},"end":{"line":7,"column":41}},{"start":{},"end":{}}],"line":7},"2":{"loc":{"start":{"line":14,"column":8},"end":{"line":17,"column":9}},"type":"if","locations":[{"start":{"line":14,"column":8},"end":{"line":17,"column":9}},{"start":{},"end":{}}],"line":14}},"s":{"0":1,"1":4,"2":1,"3":3,"4":1,"5":2,"6":1,"7":2,"8":2,"9":2,"10":11,"11":5,"12":5,"13":2,"14":1},"f":{"0":4,"1":2},"b":{"0":[1,3],"1":[1,2],"2":[5,6]},"_coverageSchema":"1a1c01bbd47fc00a2c39e90264f33305004495a9","hash":"9b48c6b328a9de600263755f6dabe92ba70bbfe8"}
,"/home/ktolliver/Algorithms/removeElement.js": {"path":"/home/ktolliver/Algorithms/removeElement.js","statementMap":{"0":{"start":{"line":6,"column":20},"end":{"line":12,"column":1}},"1":{"start":{"line":7,"column":12},"end":{"line":7,"column":13}},"2":{"start":{"line":8,"column":4},"end":{"line":10,"column":5}},"3":{"start":{"line":8,"column":17},"end":{"line":8,"column":18}},"4":{"start":{"line":9,"column":8},"end":{"line":9,"column":49}},"5":{"start":{"line":9,"column":29},"end":{"line":9,"column":49}},"6":{"start":{"line":11,"column":4},"end":{"line":11,"column":13}},"7":{"start":{"line":14,"column":0},"end":{"line":14,"column":31}}},"fnMap":{"0":{"name":"(anonymous_0)","decl":{"start":{"line":6,"column":20},"end":{"line":6,"column":21}},"loc":{"start":{"line":6,"column":40},"end":{"line":12,"column":1}},"line":6}},"branchMap":{"0":{"loc":{"start":{"line":9,"column":8},"end":{"line":9,"column":49}},"type":"if","locations":[{"start":{"line":9,"column":8},"end":{"line":9,"column":49}},{"start":{},"end":{}}],"line":9}},"s":{"0":1,"1":2,"2":2,"3":2,"4":12,"5":7,"6":2,"7":1},"f":{"0":2},"b":{"0":[7,5]},"_coverageSchema":"1a1c01bbd47fc00a2c39e90264f33305004495a9","hash":"4628ce27b027bea4709aa79af6173d86fb2fd11b"}
,"/home/ktolliver/Algorithms/romanToInt.js": {"path":"/home/ktolliver/Algorithms/romanToInt.js","statementMap":{"0":{"start":{"line":5,"column":17},"end":{"line":24,"column":1}},"1":{"start":{"line":6,"column":16},"end":{"line":6,"column":17}},"2":{"start":{"line":7,"column":15},"end":{"line":7,"column":20}},"3":{"start":{"line":8,"column":4},"end":{"line":22,"column":5}},"4":{"start":{"line":8,"column":17},"end":{"line":8,"column":18}},"5":{"start":{"line":9,"column":7},"end":{"line":12,"column":8}},"6":{"start":{"line":10,"column":11},"end":{"line":10,"column":24}},"7":{"start":{"line":11,"column":11},"end":{"line":11,"column":20}},"8":{"start":{"line":13,"column":7},"end":{"line":13,"column":27}},"9":{"start":{"line":14,"column":7},"end":{"line":14,"column":29}},"10":{"start":{"line":15,"column":7},"end":{"line":21,"column":8}},"11":{"start":{"line":16,"column":11},"end":{"line":16,"column":76}},"12":{"start":{"line":17,"column":11},"end":{"line":17,"column":23}},"13":{"start":{"line":18,"column":11},"end":{"line":18,"column":20}},"14":{"start":{"line":20,"column":11},"end":{"line":20,"column":47}},"15":{"start":{"line":23,"column":4},"end":{"line":23,"column":17}},"16":{"start":{"line":37,"column":20},"end":{"line":45,"column":1}},"17":{"start":{"line":47,"column":26},"end":{"line":51,"column":1}},"18":{"start":{"line":53,"column":0},"end":{"line":53,"column":30}}},"fnMap":{"0":{"name":"(anonymous_0)","decl":{"start":{"line":5,"column":17},"end":{"line":5,"column":18}},"loc":{"start":{"line":5,"column":29},"end":{"line":24,"column":1}},"line":5}},"branchMap":{"0":{"loc":{"start":{"line":9,"column":7},"end":{"line":12,"column":8}},"type":"if","locations":[{"start":{"line":9,"column":7},"end":{"line":12,"column":8}},{"start":{},"end":{}}],"line":9},"1":{"loc":{"start":{"line":15,"column":7},"end":{"line":21,"column":8}},"type":"if","locations":[{"start":{"line":15,"column":7},"end":{"line":21,"column":8}},{"start":{"line":19,"column":14},"end":{"line":21,"column":8}}],"line":15},"2":{"loc":{"start":{"line":15,"column":11},"end":{"line":15,"column":103}},"type":"binary-expr","locations":[{"start":{"line":15,"column":11},"end":{"line":15,"column":43}},{"start":{"line":15,"column":47},"end":{"line":15,"column":103}}],"line":15}},"s":{"0":1,"1":3,"2":3,"3":3,"4":3,"5":15,"6":3,"7":3,"8":12,"9":12,"10":12,"11":3,"12":3,"13":3,"14":9,"15":3,"16":1,"17":1,"18":1},"f":{"0":3},"b":{"0":[3,12],"1":[3,9],"2":[12,9]},"_coverageSchema":"1a1c01bbd47fc00a2c39e90264f33305004495a9","hash":"33be021a2bbf4e4e00ab51663757f35553794417"}
,"/home/ktolliver/Algorithms/singleNumber.js": {"path":"/home/ktolliver/Algorithms/singleNumber.js","statementMap":{"0":{"start":{"line":5,"column":19},"end":{"line":8,"column":1}},"1":{"start":{"line":6,"column":4},"end":{"line":6,"column":40}},"2":{"start":{"line":6,"column":25},"end":{"line":6,"column":40}},"3":{"start":{"line":7,"column":4},"end":{"line":7,"column":31}},"4":{"start":{"line":10,"column":20},"end":{"line":14,"column":1}},"5":{"start":{"line":11,"column":17},"end":{"line":11,"column":18}},"6":{"start":{"line":12,"column":4},"end":{"line":12,"column":46}},"7":{"start":{"line":12,"column":23},"end":{"line":12,"column":43}},"8":{"start":{"line":13,"column":4},"end":{"line":13,"column":18}},"9":{"start":{"line":16,"column":0},"end":{"line":16,"column":30}}},"fnMap":{"0":{"name":"(anonymous_0)","decl":{"start":{"line":5,"column":19},"end":{"line":5,"column":20}},"loc":{"start":{"line":5,"column":34},"end":{"line":8,"column":1}},"line":5},"1":{"name":"(anonymous_1)","decl":{"start":{"line":10,"column":20},"end":{"line":10,"column":21}},"loc":{"start":{"line":10,"column":35},"end":{"line":14,"column":1}},"line":10},"2":{"name":"(anonymous_2)","decl":{"start":{"line":12,"column":17},"end":{"line":12,"column":18}},"loc":{"start":{"line":12,"column":22},"end":{"line":12,"column":44}},"line":12}},"branchMap":{"0":{"loc":{"start":{"line":6,"column":4},"end":{"line":6,"column":40}},"type":"if","locations":[{"start":{"line":6,"column":4},"end":{"line":6,"column":40}},{"start":{},"end":{}}],"line":6}},"s":{"0":1,"1":3,"2":1,"3":2,"4":1,"5":2,"6":2,"7":8,"8":2,"9":1},"f":{"0":3,"1":2,"2":8},"b":{"0":[1,2]},"_coverageSchema":"1a1c01bbd47fc00a2c39e90264f33305004495a9","hash":"c5bc65d5bc55610167d452c32d5fe4e33af18073"}
,"/home/ktolliver/Algorithms/twoSum.js": {"path":"/home/ktolliver/Algorithms/twoSum.js","statementMap":{"0":{"start":{"line":6,"column":13},"end":{"line":12,"column":1}},"1":{"start":{"line":7,"column":4},"end":{"line":11,"column":5}},"2":{"start":{"line":7,"column":17},"end":{"line":7,"column":18}},"3":{"start":{"line":8,"column":8},"end":{"line":10,"column":9}},"4":{"start":{"line":8,"column":21},"end":{"line":8,"column":26}},"5":{"start":{"line":9,"column":12},"end":{"line":9,"column":60}},"6":{"start":{"line":9,"column":46},"end":{"line":9,"column":60}},"7":{"start":{"line":14,"column":0},"end":{"line":14,"column":24}}},"fnMap":{"0":{"name":"(anonymous_0)","decl":{"start":{"line":6,"column":13},"end":{"line":6,"column":14}},"loc":{"start":{"line":6,"column":36},"end":{"line":12,"column":1}},"line":6}},"branchMap":{"0":{"loc":{"start":{"line":9,"column":12},"end":{"line":9,"column":60}},"type":"if","locations":[{"start":{"line":9,"column":12},"end":{"line":9,"column":60}},{"start":{},"end":{}}],"line":9}},"s":{"0":1,"1":3,"2":3,"3":4,"4":4,"5":5,"6":3,"7":1},"f":{"0":3},"b":{"0":[3,2]},"_coverageSchema":"1a1c01bbd47fc00a2c39e90264f33305004495a9","hash":"f3fe9830cd3c516d8872828153c06b089b8e88e1"}
}
