TN:
SF:fizzBuzz.js
FN:5,(anonymous_0)
FNF:1
FNH:1
FNDA:3,(anonymous_0)
DA:5,1
DA:6,3
DA:7,3
DA:8,23
DA:9,23
DA:11,23
DA:12,1
DA:13,22
DA:14,6
DA:15,16
DA:16,3
DA:18,13
DA:21,3
DA:24,1
LF:14
LH:14
BRDA:11,0,0,1
BRDA:11,0,1,22
BRDA:11,1,0,23
BRDA:11,1,1,7
BRDA:13,2,0,6
BRDA:13,2,1,16
BRDA:15,3,0,3
BRDA:15,3,1,13
BRF:8
BRH:8
end_of_record
TN:
SF:removeDuplicates.js
FN:5,(anonymous_0)
FNF:1
FNH:1
FNDA:4,(anonymous_0)
DA:5,1
DA:6,4
DA:7,3
DA:8,2
DA:9,2
DA:10,11
DA:11,5
DA:12,5
DA:15,2
DA:18,1
LF:10
LH:10
BRDA:6,0,0,1
BRDA:6,0,1,3
BRDA:7,1,0,1
BRDA:7,1,1,2
BRDA:10,2,0,5
BRDA:10,2,1,6
BRF:6
BRH:6
end_of_record
TN:
SF:removeElement.js
FN:6,(anonymous_0)
FNF:1
FNH:1
FNDA:2,(anonymous_0)
DA:6,1
DA:7,2
DA:8,2
DA:9,12
DA:11,2
DA:14,1
LF:6
LH:6
BRDA:9,0,0,7
BRDA:9,0,1,5
BRF:2
BRH:2
end_of_record
TN:
SF:singleNumber.js
FN:5,(anonymous_0)
FN:10,(anonymous_1)
FN:12,(anonymous_2)
FNF:3
FNH:3
FNDA:3,(anonymous_0)
FNDA:2,(anonymous_1)
FNDA:8,(anonymous_2)
DA:5,1
DA:6,3
DA:7,2
DA:10,1
DA:11,2
DA:12,8
DA:13,2
DA:16,1
LF:8
LH:8
BRDA:6,0,0,1
BRDA:6,0,1,2
BRF:2
BRH:2
end_of_record
TN:
SF:twoSum.js
FN:1,(anonymous_0)
FNF:1
FNH:1
FNDA:3,(anonymous_0)
DA:1,1
DA:2,3
DA:3,4
DA:4,5
DA:9,1
LF:5
LH:5
BRDA:4,0,0,3
BRDA:4,0,1,2
BRF:2
BRH:2
end_of_record
