TN:
SF:containsDuplicate.js
FN:5,(anonymous_0)
FN:10,(anonymous_1)
FNF:2
FNH:2
FNDA:5,(anonymous_0)
FNDA:3,(anonymous_1)
DA:5,1
DA:6,5
DA:7,3
DA:10,1
DA:11,3
DA:12,3
DA:13,15
DA:14,3
DA:15,3
DA:18,3
DA:19,1
DA:22,1
LF:12
LH:12
BRDA:6,0,0,2
BRDA:6,0,1,3
BRDA:13,1,0,3
BRDA:13,1,1,12
BRDA:18,2,0,2
BRDA:18,2,1,1
BRF:6
BRH:6
end_of_record
TN:
SF:fizzBuzz.js
FN:5,(anonymous_0)
FNF:1
FNH:1
FNDA:3,(anonymous_0)
DA:5,1
DA:6,3
DA:7,3
DA:8,23
DA:9,23
DA:11,23
DA:12,1
DA:13,22
DA:14,6
DA:15,16
DA:16,3
DA:18,13
DA:21,3
DA:24,1
LF:14
LH:14
BRDA:11,0,0,1
BRDA:11,0,1,22
BRDA:11,1,0,23
BRDA:11,1,1,7
BRDA:13,2,0,6
BRDA:13,2,1,16
BRDA:15,3,0,3
BRDA:15,3,1,13
BRF:8
BRH:8
end_of_record
TN:
SF:longestCommonPrefix.js
FN:5,(anonymous_0)
FN:8,(anonymous_1)
FNF:2
FNH:2
FNDA:4,(anonymous_0)
FNDA:7,(anonymous_1)
DA:5,1
DA:6,4
DA:7,2
DA:8,7
DA:9,2
DA:10,2
DA:11,4
DA:12,4
DA:13,4
DA:14,7
DA:15,2
DA:16,2
DA:19,4
DA:20,2
DA:22,2
DA:25,2
DA:28,1
LF:17
LH:17
BRDA:6,0,0,2
BRDA:6,0,1,2
BRDA:14,1,0,2
BRDA:14,1,1,5
BRDA:19,2,0,2
BRDA:19,2,1,2
BRF:6
BRH:6
end_of_record
TN:
SF:palindrome.js
FN:5,(anonymous_0)
FNF:1
FNH:1
FNDA:4,(anonymous_0)
DA:5,1
DA:6,4
DA:7,3
DA:10,1
LF:4
LH:4
BRDA:6,0,0,1
BRDA:6,0,1,3
BRF:2
BRH:2
end_of_record
TN:
SF:removeDuplicates.js
FN:5,(anonymous_0)
FN:11,(anonymous_1)
FNF:2
FNH:2
FNDA:4,(anonymous_0)
FNDA:2,(anonymous_1)
DA:5,1
DA:6,4
DA:7,3
DA:8,2
DA:11,1
DA:12,2
DA:13,2
DA:14,11
DA:15,5
DA:16,5
DA:19,2
DA:22,1
LF:12
LH:12
BRDA:6,0,0,1
BRDA:6,0,1,3
BRDA:7,1,0,1
BRDA:7,1,1,2
BRDA:14,2,0,5
BRDA:14,2,1,6
BRF:6
BRH:6
end_of_record
TN:
SF:removeElement.js
FN:6,(anonymous_0)
FNF:1
FNH:1
FNDA:2,(anonymous_0)
DA:6,1
DA:7,2
DA:8,2
DA:9,12
DA:11,2
DA:14,1
LF:6
LH:6
BRDA:9,0,0,7
BRDA:9,0,1,5
BRF:2
BRH:2
end_of_record
TN:
SF:romanToInt.js
FN:5,(anonymous_0)
FNF:1
FNH:1
FNDA:3,(anonymous_0)
DA:5,1
DA:6,3
DA:7,3
DA:8,3
DA:9,15
DA:10,3
DA:11,3
DA:13,12
DA:14,12
DA:15,12
DA:16,3
DA:17,3
DA:18,3
DA:20,9
DA:23,3
DA:37,1
DA:47,1
DA:53,1
LF:18
LH:18
BRDA:9,0,0,3
BRDA:9,0,1,12
BRDA:15,1,0,3
BRDA:15,1,1,9
BRDA:15,2,0,12
BRDA:15,2,1,9
BRF:6
BRH:6
end_of_record
TN:
SF:singleNumber.js
FN:5,(anonymous_0)
FN:10,(anonymous_1)
FN:12,(anonymous_2)
FNF:3
FNH:3
FNDA:3,(anonymous_0)
FNDA:2,(anonymous_1)
FNDA:8,(anonymous_2)
DA:5,1
DA:6,3
DA:7,2
DA:10,1
DA:11,2
DA:12,8
DA:13,2
DA:16,1
LF:8
LH:8
BRDA:6,0,0,1
BRDA:6,0,1,2
BRF:2
BRH:2
end_of_record
TN:
SF:twoSum.js
FN:6,(anonymous_0)
FNF:1
FNH:1
FNDA:3,(anonymous_0)
DA:6,1
DA:7,3
DA:8,4
DA:9,5
DA:14,1
LF:5
LH:5
BRDA:9,0,0,3
BRDA:9,0,1,2
BRF:2
BRH:2
end_of_record
